TN:
SF:vitest.config.ts
FN:1,(empty-report)
FNF:1
FNH:0
FNDA:0,(empty-report)
DA:1,0
DA:3,0
DA:4,0
DA:5,0
DA:6,0
DA:7,0
DA:8,0
DA:9,0
DA:10,0
DA:11,0
DA:12,0
DA:13,0
DA:14,0
DA:15,0
DA:16,0
DA:17,0
DA:18,0
DA:19,0
DA:20,0
LF:19
LH:0
BRDA:1,0,0,0
BRF:1
BRH:0
end_of_record
TN:
SF:examples\middleware.ts
FN:1,(empty-report)
FNF:1
FNH:0
FNDA:0,(empty-report)
DA:1,0
DA:3,0
DA:6,0
DA:7,0
DA:8,0
DA:9,0
DA:10,0
DA:11,0
DA:14,0
DA:16,0
DA:17,0
DA:18,0
DA:19,0
DA:20,0
DA:21,0
DA:23,0
DA:26,0
DA:27,0
DA:28,0
DA:29,0
DA:31,0
DA:32,0
DA:33,0
DA:34,0
DA:35,0
DA:36,0
DA:37,0
DA:38,0
LF:28
LH:0
BRDA:1,0,0,0
BRF:1
BRH:0
end_of_record
TN:
SF:examples\spinners.ts
FN:1,(empty-report)
FNF:1
FNH:0
FNDA:0,(empty-report)
DA:1,0
DA:3,0
DA:4,0
DA:5,0
DA:7,0
DA:8,0
DA:11,0
DA:12,0
DA:13,0
DA:16,0
DA:17,0
DA:18,0
DA:21,0
DA:22,0
DA:23,0
DA:26,0
DA:27,0
DA:28,0
DA:29,0
DA:30,0
DA:33,0
DA:34,0
DA:35,0
DA:38,0
DA:39,0
DA:40,0
DA:41,0
DA:42,0
DA:43,0
DA:45,0
LF:30
LH:0
BRDA:1,0,0,0
BRF:1
BRH:0
end_of_record
TN:
SF:examples\subcommands.ts
FN:1,(empty-report)
FNF:1
FNH:0
FNDA:0,(empty-report)
DA:1,0
DA:3,0
DA:5,0
DA:6,0
DA:7,0
DA:8,0
DA:9,0
DA:10,0
DA:11,0
DA:12,0
DA:13,0
DA:14,0
DA:16,0
DA:17,0
DA:18,0
DA:19,0
DA:20,0
DA:21,0
DA:22,0
DA:23,0
DA:24,0
DA:25,0
DA:26,0
DA:27,0
DA:28,0
DA:29,0
DA:30,0
DA:31,0
DA:32,0
DA:34,0
LF:30
LH:0
BRDA:1,0,0,0
BRF:1
BRH:0
end_of_record
TN:
SF:examples\validator-mvp.ts
FN:1,(empty-report)
FNF:1
FNH:0
FNDA:0,(empty-report)
DA:1,0
DA:3,0
DA:4,0
DA:5,0
DA:6,0
DA:7,0
DA:8,0
DA:9,0
DA:11,0
DA:12,0
DA:13,0
DA:14,0
LF:12
LH:0
BRDA:1,0,0,0
BRF:1
BRH:0
end_of_record
TN:
SF:src\index.ts
FN:31,DefinitionState
FN:40,cli
FN:44,command
FN:51,use
FN:56,argument
FN:62,option
FN:72,action
FN:74,parse
FN:78,parse
FN:86,createBuilder
FN:88,command
FN:94,use
FN:98,argument
FN:103,option
FN:112,action
FN:114,parse
FN:116,parse
FN:123,printHelp
FN:126,title
FN:127,section
FN:128,usageLabel
FN:129,cmd
FN:130,arg
FN:131,opt
FN:132,dim
FN:200,stripAnsiLike
FN:204,padAnsiLike
FN:210,runParse
FN:259,parseArgs
FN:312,normalizeFlag
FN:316,collectMiddlewares
FN:331,runMiddlewares
FN:333,dispatch
FNF:33
FNH:27
FNDA:8,DefinitionState
FNDA:6,cli
FNDA:2,command
FNDA:2,use
FNDA:3,argument
FNDA:2,option
FNDA:4,action
FNDA:4,parse
FNDA:2,parse
FNDA:2,createBuilder
FNDA:0,command
FNDA:1,use
FNDA:1,argument
FNDA:0,option
FNDA:2,action
FNDA:0,parse
FNDA:0,parse
FNDA:1,printHelp
FNDA:1,title
FNDA:2,section
FNDA:1,usageLabel
FNDA:0,cmd
FNDA:2,arg
FNDA:3,opt
FNDA:0,dim
FNDA:4,stripAnsiLike
FNDA:2,padAnsiLike
FNDA:8,runParse
FNDA:5,parseArgs
FNDA:2,normalizeFlag
FNDA:3,collectMiddlewares
FNDA:3,runMiddlewares
FNDA:6,dispatch
DA:1,1
DA:24,1
DA:25,1
DA:26,1
DA:27,1
DA:29,1
DA:31,1
DA:32,8
DA:33,8
DA:34,8
DA:35,8
DA:36,1
DA:40,1
DA:41,6
DA:43,6
DA:44,6
DA:45,2
DA:46,2
DA:47,2
DA:48,2
DA:49,2
DA:51,6
DA:52,2
DA:53,2
DA:54,2
DA:56,6
DA:57,3
DA:58,3
DA:59,3
DA:60,3
DA:62,6
DA:63,2
DA:64,0
DA:65,0
DA:66,2
DA:67,2
DA:68,2
DA:69,2
DA:70,2
DA:72,6
DA:73,4
DA:74,4
DA:75,4
DA:76,4
DA:78,6
DA:79,2
DA:80,2
DA:81,6
DA:83,6
DA:84,6
DA:86,2
DA:87,2
DA:88,2
DA:89,0
DA:90,0
DA:91,0
DA:92,0
DA:93,0
DA:94,2
DA:95,1
DA:96,1
DA:97,1
DA:98,2
DA:99,1
DA:100,1
DA:101,1
DA:102,1
DA:103,2
DA:104,0
DA:105,0
DA:106,0
DA:107,0
DA:108,0
DA:109,0
DA:110,0
DA:111,0
DA:112,2
DA:113,2
DA:114,2
DA:115,2
DA:116,2
DA:117,0
DA:118,0
DA:119,2
DA:120,2
DA:121,2
DA:123,1
DA:124,1
DA:125,1
DA:126,1
DA:127,1
DA:128,1
DA:129,1
DA:130,1
DA:131,1
DA:132,1
DA:133,1
DA:135,1
DA:136,1
DA:137,1
DA:138,1
DA:141,1
DA:142,1
DA:143,1
DA:144,1
DA:145,1
DA:146,0
DA:147,1
DA:148,1
DA:149,1
DA:152,1
DA:153,0
DA:154,0
DA:155,0
DA:156,0
DA:157,0
DA:158,0
DA:159,0
DA:160,0
DA:161,0
DA:162,0
DA:165,1
DA:166,1
DA:167,1
DA:168,1
DA:169,1
DA:170,1
DA:171,1
DA:172,1
DA:173,1
DA:174,1
DA:175,1
DA:178,1
DA:179,1
DA:180,1
DA:181,1
DA:182,1
DA:183,1
DA:184,1
DA:185,0
DA:186,0
DA:187,0
DA:188,1
DA:189,1
DA:190,1
DA:191,1
DA:192,2
DA:193,2
DA:194,2
DA:196,1
DA:197,1
DA:200,4
DA:202,4
DA:203,4
DA:204,2
DA:205,2
DA:206,2
DA:207,2
DA:208,2
DA:210,8
DA:211,8
DA:214,8
DA:215,4
DA:216,4
DA:217,2
DA:218,2
DA:220,0
DA:221,0
DA:222,0
DA:223,0
DA:224,4
DA:226,8
DA:227,1
DA:228,1
DA:229,1
DA:230,1
DA:233,8
DA:234,0
DA:235,0
DA:236,0
DA:237,0
DA:239,5
DA:240,5
DA:241,5
DA:242,3
DA:243,3
DA:244,3
DA:245,3
DA:246,3
DA:247,3
DA:248,3
DA:249,8
DA:250,2
DA:251,2
DA:252,2
DA:253,2
DA:254,2
DA:255,0
DA:256,0
DA:257,8
DA:259,5
DA:260,5
DA:261,5
DA:264,5
DA:265,1
DA:266,1
DA:267,1
DA:268,1
DA:269,0
DA:270,0
DA:271,1
DA:273,5
DA:275,5
DA:276,4
DA:277,4
DA:278,2
DA:279,2
DA:280,1
DA:281,1
DA:282,1
DA:283,1
DA:284,1
DA:285,1
DA:286,0
DA:287,0
DA:288,0
DA:289,0
DA:290,0
DA:291,0
DA:292,0
DA:293,0
DA:294,2
DA:295,2
DA:296,2
DA:297,2
DA:298,2
DA:299,2
DA:300,4
DA:303,3
DA:304,3
DA:305,1
DA:306,1
DA:307,3
DA:309,3
DA:310,3
DA:312,2
DA:313,2
DA:314,2
DA:316,3
DA:317,3
DA:319,3
DA:320,3
DA:321,3
DA:322,5
DA:323,5
DA:324,5
DA:325,3
DA:326,5
DA:327,3
DA:328,3
DA:329,3
DA:331,3
DA:332,3
DA:333,3
DA:334,6
DA:335,6
DA:336,6
DA:337,6
DA:338,3
DA:339,3
DA:340,3
DA:341,6
DA:342,3
DA:343,3
LF:274
LH:223
BRDA:31,0,0,8
BRDA:40,1,0,6
BRDA:44,2,0,2
BRDA:51,3,0,2
BRDA:56,4,0,3
BRDA:62,5,0,2
BRDA:63,6,0,1
BRDA:63,7,0,0
BRDA:67,8,0,1
BRDA:72,9,0,4
BRDA:74,10,0,4
BRDA:78,11,0,2
BRDA:86,12,0,2
BRDA:94,13,0,1
BRDA:98,14,0,1
BRDA:112,15,0,2
BRDA:123,16,0,1
BRDA:142,17,0,0
BRDA:145,18,0,0
BRDA:152,19,0,0
BRDA:182,20,0,0
BRDA:183,21,0,0
BRDA:184,22,0,0
BRDA:191,23,0,2
BRDA:126,24,0,1
BRDA:126,25,0,0
BRDA:127,26,0,2
BRDA:127,27,0,0
BRDA:128,28,0,1
BRDA:128,29,0,0
BRDA:130,30,0,2
BRDA:130,31,0,0
BRDA:131,32,0,3
BRDA:131,33,0,0
BRDA:167,34,0,1
BRDA:168,35,0,1
BRDA:190,36,0,2
BRDA:200,37,0,4
BRDA:204,38,0,2
BRDA:210,39,0,8
BRDA:211,40,0,0
BRDA:214,41,0,6
BRDA:214,42,0,4
BRDA:216,43,0,2
BRDA:218,44,0,0
BRDA:224,45,0,6
BRDA:226,46,0,7
BRDA:226,47,0,1
BRDA:230,48,0,5
BRDA:233,49,0,0
BRDA:233,50,0,0
BRDA:233,51,0,0
BRDA:237,52,0,5
BRDA:241,53,0,3
BRDA:249,54,0,2
BRDA:254,55,0,0
BRDA:215,56,0,2
BRDA:245,57,0,3
BRDA:259,58,0,5
BRDA:264,59,0,1
BRDA:267,60,0,0
BRDA:268,61,0,0
BRDA:275,62,0,4
BRDA:275,63,0,4
BRDA:277,64,0,2
BRDA:279,65,0,1
BRDA:285,66,0,0
BRDA:300,67,0,3
BRDA:304,68,0,1
BRDA:307,69,0,3
BRDA:278,70,0,1
BRDA:312,71,0,2
BRDA:313,72,0,0
BRDA:316,73,0,3
BRDA:321,74,0,5
BRDA:325,75,0,5
BRDA:331,76,0,3
BRDA:333,77,0,6
BRDA:334,78,0,0
BRDA:337,79,0,3
BRDA:340,80,0,3
BRF:81
BRH:58
end_of_record
TN:
SF:src\errors\index.ts
FN:8,ArgusError
FN:16,format
FN:26,print
FN:38,isArgusError
FN:44,MissingArgumentError
FN:56,UnknownOptionError
FN:68,MissingOptionValueError
FN:80,InvalidSubcommandError
FNF:8
FNH:6
FNDA:2,ArgusError
FNDA:2,format
FNDA:2,print
FNDA:2,isArgusError
FNDA:1,MissingArgumentError
FNDA:1,UnknownOptionError
FNDA:0,MissingOptionValueError
FNDA:0,InvalidSubcommandError
DA:3,1
DA:8,1
DA:9,2
DA:10,2
DA:11,2
DA:12,2
DA:13,2
DA:14,2
DA:16,1
DA:17,2
DA:18,2
DA:19,2
DA:20,2
DA:21,2
DA:22,2
DA:23,2
DA:24,2
DA:26,1
DA:27,2
DA:28,2
DA:29,2
DA:30,2
DA:31,2
DA:32,2
DA:34,0
DA:35,0
DA:36,2
DA:38,1
DA:39,2
DA:40,2
DA:41,1
DA:43,1
DA:44,1
DA:45,1
DA:46,1
DA:47,1
DA:48,1
DA:49,1
DA:50,1
DA:51,1
DA:52,1
DA:53,1
DA:55,1
DA:56,1
DA:57,1
DA:58,1
DA:59,1
DA:60,1
DA:61,1
DA:62,1
DA:63,1
DA:64,1
DA:65,1
DA:67,1
DA:68,1
DA:69,0
DA:70,0
DA:71,0
DA:72,0
DA:73,0
DA:74,0
DA:75,0
DA:76,0
DA:77,1
DA:79,1
DA:80,1
DA:81,0
DA:82,0
DA:83,0
DA:84,0
DA:85,0
DA:86,0
DA:87,0
DA:88,0
DA:89,0
DA:90,1
LF:76
LH:57
BRDA:8,0,0,2
BRDA:16,1,0,2
BRDA:18,2,0,0
BRDA:22,3,0,0
BRDA:26,4,0,2
BRDA:28,5,0,0
BRDA:32,6,0,0
BRDA:38,7,0,2
BRDA:39,8,0,0
BRDA:44,9,0,1
BRDA:56,10,0,1
BRF:11
BRH:6
end_of_record
TN:
SF:src\ui\box.ts
FN:6,drawBox
FNF:1
FNH:1
FNDA:2,drawBox
DA:6,1
DA:7,2
DA:8,2
DA:9,2
DA:10,2
DA:11,2
DA:12,2
DA:14,2
DA:15,2
DA:16,2
DA:17,2
DA:18,2
DA:19,2
DA:20,2
DA:22,2
DA:23,2
DA:24,2
DA:26,2
DA:28,2
DA:29,2
LF:20
LH:20
BRDA:6,0,0,2
BRDA:7,1,0,0
BRDA:26,2,0,0
BRDA:9,3,0,6
BRDA:23,4,0,6
BRF:5
BRH:3
end_of_record
TN:
SF:src\ui\colors.ts
FN:14,wrap
FN:18,createColors
FN:20,bold
FN:21,green
FN:22,red
FN:23,yellow
FN:24,blue
FN:25,magenta
FN:26,cyan
FNF:9
FNH:8
FNDA:18,wrap
FNDA:7,createColors
FNDA:4,bold
FNDA:1,green
FNDA:2,red
FNDA:2,yellow
FNDA:3,blue
FNDA:0,magenta
FNDA:6,cyan
DA:3,1
DA:4,1
DA:5,1
DA:6,1
DA:7,1
DA:8,1
DA:9,1
DA:10,1
DA:11,1
DA:12,1
DA:14,18
DA:15,18
DA:16,18
DA:18,1
DA:19,7
DA:20,7
DA:21,7
DA:22,7
DA:23,7
DA:24,7
DA:25,7
DA:26,7
DA:27,7
DA:28,7
LF:24
LH:24
BRDA:14,0,0,18
BRDA:18,1,0,7
BRDA:20,2,0,4
BRDA:21,3,0,1
BRDA:22,4,0,2
BRDA:23,5,0,2
BRDA:24,6,0,3
BRDA:26,7,0,6
BRF:8
BRH:8
end_of_record
TN:
SF:src\ui\index.ts
FN:7,createUi
FN:11,spinner
FN:13,input
FN:14,select
FN:16,box
FNF:5
FNH:3
FNDA:7,createUi
FNDA:1,spinner
FNDA:0,input
FNDA:0,select
FNDA:2,box
DA:1,1
DA:7,1
DA:8,7
DA:9,7
DA:10,7
DA:11,7
DA:12,7
DA:13,7
DA:14,7
DA:15,7
DA:16,7
DA:17,7
DA:18,7
LF:13
LH:13
BRDA:7,0,0,7
BRDA:11,1,0,1
BRDA:16,2,0,2
BRF:3
BRH:3
end_of_record
TN:
SF:src\ui\spinner.ts
FN:14,createSpinner
FN:19,resolveFrames
FN:28,asColor
FN:30,render
FN:32,color
FN:42,start
FN:48,succeed
FN:56,bold
FN:59,fail
FN:70,stop
FN:77,setText
FN:78,setColor
FN:79,setFrames
FN:83,setInterval
FN:84,setPrefix
FN:85,setSuffix
FN:86,update
FNF:17
FNH:9
FNDA:1,createSpinner
FNDA:2,resolveFrames
FNDA:2,asColor
FNDA:1,render
FNDA:0,color
FNDA:1,start
FNDA:1,succeed
FNDA:0,bold
FNDA:0,fail
FNDA:0,stop
FNDA:1,setText
FNDA:1,setColor
FNDA:1,setFrames
FNDA:0,setInterval
FNDA:0,setPrefix
FNDA:0,setSuffix
FNDA:0,update
DA:3,1
DA:4,1
DA:5,1
DA:6,1
DA:7,1
DA:8,1
DA:9,1
DA:10,1
DA:11,1
DA:12,1
DA:14,1
DA:15,1
DA:16,1
DA:18,1
DA:19,1
DA:20,2
DA:21,2
DA:22,2
DA:23,2
DA:24,2
DA:25,1
DA:26,1
DA:28,1
DA:30,1
DA:31,1
DA:32,1
DA:33,1
DA:34,1
DA:35,1
DA:36,1
DA:37,1
DA:38,1
DA:39,1
DA:41,1
DA:42,1
DA:43,1
DA:44,1
DA:45,1
DA:46,1
DA:47,1
DA:48,1
DA:49,1
DA:50,1
DA:51,1
DA:52,1
DA:53,1
DA:54,1
DA:55,1
DA:56,1
DA:57,1
DA:58,1
DA:59,1
DA:60,0
DA:61,0
DA:62,0
DA:63,0
DA:64,0
DA:65,0
DA:66,0
DA:67,0
DA:68,0
DA:69,0
DA:70,1
DA:71,0
DA:72,0
DA:73,0
DA:74,0
DA:75,0
DA:76,0
DA:77,1
DA:78,1
DA:79,1
DA:80,1
DA:81,1
DA:82,1
DA:83,1
DA:84,1
DA:85,1
DA:86,1
DA:87,1
DA:89,1
DA:90,1
LF:82
LH:66
BRDA:14,0,0,1
BRDA:18,1,0,0
BRDA:18,2,0,0
BRDA:26,3,0,0
BRDA:19,4,0,2
BRDA:20,5,0,0
BRDA:21,6,0,0
BRDA:23,7,0,0
BRDA:28,8,0,2
BRDA:28,9,0,0
BRDA:30,10,0,1
BRDA:31,11,0,0
BRDA:31,12,0,0
BRDA:32,13,0,0
BRDA:36,14,0,0
BRDA:42,15,0,1
BRDA:43,16,0,0
BRDA:48,17,0,1
BRDA:53,18,0,0
BRDA:55,19,0,0
BRDA:55,20,0,0
BRDA:56,21,0,0
BRDA:77,22,0,1
BRDA:78,23,0,1
BRDA:79,24,0,1
BRF:25
BRH:9
end_of_record
TN:
SF:tests\cli.core.test.ts
FN:4,withMockedIO
FNF:1
FNH:1
FNDA:1,withMockedIO
DA:1,1
DA:2,1
DA:4,1
DA:5,1
DA:6,1
DA:7,1
DA:8,1
DA:9,1
DA:10,1
DA:11,1
DA:12,1
DA:13,1
DA:14,1
DA:15,1
DA:17,1
DA:18,1
DA:19,1
DA:20,1
DA:21,1
DA:22,1
DA:23,1
DA:24,1
DA:25,1
DA:26,1
DA:27,1
DA:28,1
DA:29,1
DA:30,1
DA:31,1
DA:33,1
DA:34,1
DA:35,1
DA:36,1
DA:37,1
DA:38,1
DA:39,1
DA:40,1
DA:41,1
DA:42,1
DA:43,1
DA:44,1
LF:41
LH:41
BRDA:4,0,0,1
BRDA:17,1,0,1
BRDA:18,2,0,1
BRDA:20,3,0,1
BRDA:24,4,0,1
BRDA:33,5,0,1
BRDA:35,6,0,1
BRF:7
BRH:7
end_of_record
TN:
SF:tests\errors.test.ts
FNF:0
FNH:0
DA:1,1
DA:2,1
DA:4,1
DA:5,1
DA:6,1
DA:7,1
DA:8,1
DA:9,1
DA:10,1
DA:11,1
DA:12,1
DA:14,1
DA:15,1
DA:16,1
DA:17,1
DA:18,1
DA:19,1
DA:20,1
DA:21,1
DA:22,1
DA:23,1
LF:21
LH:21
BRDA:4,0,0,1
BRDA:5,1,0,1
BRDA:7,2,0,1
BRDA:14,3,0,1
BRDA:16,4,0,1
BRF:5
BRH:5
end_of_record
TN:
SF:tests\middleware.test.ts
FNF:0
FNH:0
DA:1,1
DA:2,1
DA:4,1
DA:5,1
DA:6,1
DA:7,1
DA:9,1
DA:10,1
DA:12,1
DA:13,1
DA:14,1
DA:16,1
DA:17,1
DA:18,1
DA:19,1
LF:15
LH:15
BRDA:4,0,0,1
BRDA:5,1,0,1
BRDA:9,2,0,1
BRDA:10,3,0,1
BRDA:13,4,0,1
BRDA:14,5,0,1
BRF:6
BRH:6
end_of_record
TN:
SF:tests\subcommands.test.ts
FNF:0
FNH:0
DA:1,1
DA:2,1
DA:4,1
DA:5,1
DA:6,1
DA:7,1
DA:9,1
DA:10,1
DA:11,1
DA:12,1
DA:13,1
DA:14,1
DA:16,1
DA:17,1
DA:18,1
DA:19,1
LF:16
LH:16
BRDA:4,0,0,1
BRDA:5,1,0,1
BRDA:7,2,0,1
BRDA:12,3,0,1
BRF:4
BRH:4
end_of_record
TN:
SF:tests\ui.spinner.test.ts
FNF:0
FNH:0
DA:1,1
DA:2,1
DA:4,1
DA:5,1
DA:6,1
DA:7,1
DA:8,1
DA:9,1
DA:10,1
DA:11,1
DA:12,1
DA:13,1
DA:14,1
DA:15,1
LF:14
LH:14
BRDA:4,0,0,1
BRDA:5,1,0,1
BRDA:7,2,0,2
BRF:3
BRH:3
end_of_record
